
> eventstan-vendor@0.1.0 dev
> next dev -p 3003

▲ Next.js 16.2.4 (Turbopack)
- Local:         http://localhost:3003
- Network:       http://192.168.1.4:3003
- Environments: .env
✓ Ready in 3.9s

○ Compiling / ...
 GET / 307 in 17.4s (next.js: 14.8s, application-code: 2.6s)
○ Compiling /vendor/login ...
 GET / 307 in 3.6s (next.js: 887ms, application-code: 2.7s)
 GET /vendor/login 200 in 1567ms (next.js: 497ms, application-code: 1070ms)
○ Compiling /_error ...
 GET /vendor/login 200 in 412ms (next.js: 34ms, application-code: 377ms)
 GET /vendor/login 200 in 469ms (next.js: 24ms, application-code: 445ms)
  Reload env: .env
 GET /vendor/login 200 in 5.5s (next.js: 2.8s, application-code: 2.6s)
▲ Next.js 16.2.4 (Turbopack)
- Local:         http://localhost:3003
- Network:       http://192.168.1.4:3003
- Environments: .env
✓ Ready in 9.9s

 GET /vendor/login 200 in 10.5s (next.js: 5.3s, application-code: 5.2s)
✓ Compiled in 535ms
 GET /vendor/login 200 in 1037ms (next.js: 624ms, application-code: 413ms)
✓ Compiled in 515ms
 GET /vendor/login 200 in 468ms (next.js: 284ms, application-code: 185ms)
✓ Compiled in 759ms
 GET /vendor/login 200 in 683ms (next.js: 374ms, application-code: 309ms)
✓ Compiled in 528ms
 GET /vendor/login 200 in 876ms (next.js: 558ms, application-code: 318ms)
✓ Compiled in 1210ms
 GET /vendor/login 200 in 4.1s (next.js: 3.4s, application-code: 720ms)
✓ Compiled in 1176ms
 GET /vendor/login 200 in 698ms (next.js: 342ms, application-code: 356ms)
✓ Compiled in 1394ms
 GET /vendor/login 200 in 1385ms (next.js: 244ms, application-code: 1141ms)
 GET /vendor/login 200 in 910ms (next.js: 155ms, application-code: 755ms)
 GET /vendor/login 200 in 200ms (next.js: 20ms, application-code: 179ms)
 GET /vendor/login 200 in 950ms (next.js: 43ms, application-code: 907ms)
✓ Compiled in 1217ms
 GET /vendor/login 200 in 701ms (next.js: 338ms, application-code: 363ms)
 GET /vendor/login 200 in 1091ms (next.js: 18ms, application-code: 1072ms)
 GET /vendor/login 200 in 1037ms (next.js: 22ms, application-code: 1015ms)
 GET /vendor/login 200 in 778ms (next.js: 22ms, application-code: 755ms)
 GET /vendor/login 200 in 778ms (next.js: 234ms, application-code: 544ms)
✓ Compiled in 693ms
 GET /vendor/login 200 in 2.1s (next.js: 924ms, application-code: 1222ms)
 GET /vendor/login 200 in 2.2s (next.js: 1139ms, application-code: 1021ms)
 GET /vendor/login 200 in 2.0s (next.js: 1191ms, application-code: 843ms)
 GET /vendor/login 200 in 1856ms (next.js: 1304ms, application-code: 552ms)
 GET /vendor/login 200 in 1869ms (next.js: 1155ms, application-code: 715ms)
 GET /vendor/login 200 in 548ms (next.js: 38ms, application-code: 510ms)
 GET /vendor/login 200 in 343ms (next.js: 15ms, application-code: 328ms)
 GET /vendor/login 200 in 1042ms (next.js: 13ms, application-code: 1029ms)
 GET /vendor/login 200 in 604ms (next.js: 55ms, application-code: 548ms)
 GET /vendor/login 200 in 530ms (next.js: 55ms, application-code: 475ms)
 GET /vendor/login 200 in 380ms (next.js: 11ms, application-code: 368ms)
 GET /vendor/login 200 in 324ms (next.js: 30ms, application-code: 294ms)
 GET /vendor/login 200 in 298ms (next.js: 13ms, application-code: 285ms)
 GET /vendor/login 200 in 623ms (next.js: 14ms, application-code: 608ms)
 GET /vendor/login 200 in 183ms (next.js: 34ms, application-code: 149ms)
 GET /vendor/login 200 in 215ms (next.js: 14ms, application-code: 201ms)
 GET /vendor/login 200 in 287ms (next.js: 21ms, application-code: 266ms)
 GET /vendor/login 200 in 376ms (next.js: 22ms, application-code: 354ms)
 GET /vendor/login 200 in 493ms (next.js: 192ms, application-code: 301ms)
 GET /vendor/login 200 in 215ms (next.js: 20ms, application-code: 194ms)
 GET /vendor/login 200 in 420ms (next.js: 22ms, application-code: 398ms)
✓ Compiled in 872ms
 GET /vendor/login 200 in 446ms (next.js: 17ms, application-code: 429ms)
 GET /vendor/login 200 in 221ms (next.js: 14ms, application-code: 207ms)
 GET /vendor/login 200 in 474ms (next.js: 14ms, application-code: 460ms)
 GET /vendor/login 200 in 233ms (next.js: 58ms, application-code: 174ms)
 GET /vendor/login 200 in 310ms (next.js: 12ms, application-code: 299ms)
 GET /vendor/login 200 in 259ms (next.js: 12ms, application-code: 247ms)
 GET /vendor/login 200 in 546ms (next.js: 17ms, application-code: 529ms)
 GET /vendor/login 200 in 317ms (next.js: 43ms, application-code: 274ms)
 GET /vendor/login 200 in 195ms (next.js: 16ms, application-code: 179ms)
 GET /vendor/login 200 in 411ms (next.js: 11ms, application-code: 400ms)
 GET /vendor/login 200 in 234ms (next.js: 16ms, application-code: 218ms)
 GET /vendor/login 200 in 231ms (next.js: 14ms, application-code: 217ms)
 GET /vendor/login 200 in 687ms (next.js: 19ms, application-code: 668ms)
 GET /vendor/login 200 in 186ms (next.js: 11ms, application-code: 175ms)
 GET /vendor/login 200 in 358ms (next.js: 14ms, application-code: 345ms)
 GET /vendor/login 200 in 452ms (next.js: 12ms, application-code: 440ms)
 GET /vendor/login 200 in 340ms (next.js: 18ms, application-code: 322ms)
 GET /vendor/login 200 in 216ms (next.js: 11ms, application-code: 206ms)
 GET /vendor/login 200 in 175ms (next.js: 11ms, application-code: 164ms)
 GET /vendor/login 200 in 229ms (next.js: 11ms, application-code: 218ms)
 GET /vendor/login 200 in 229ms (next.js: 15ms, application-code: 215ms)
 GET /vendor/login 200 in 444ms (next.js: 76ms, application-code: 368ms)
 GET /vendor/login 200 in 250ms (next.js: 11ms, application-code: 239ms)
 GET /vendor/login 200 in 233ms (next.js: 27ms, application-code: 206ms)
 GET /vendor/login 200 in 315ms (next.js: 13ms, application-code: 302ms)
 GET /vendor/login 200 in 180ms (next.js: 18ms, application-code: 162ms)
 GET /vendor/login 200 in 247ms (next.js: 11ms, application-code: 235ms)
 GET /vendor/login 200 in 554ms (next.js: 14ms, application-code: 540ms)
 GET /vendor/login 200 in 348ms (next.js: 48ms, application-code: 300ms)
 GET /vendor/login 200 in 321ms (next.js: 13ms, application-code: 308ms)
 GET /vendor/login 200 in 325ms (next.js: 11ms, application-code: 315ms)
 GET /vendor/login 200 in 209ms (next.js: 12ms, application-code: 197ms)
 GET /vendor/login 200 in 188ms (next.js: 13ms, application-code: 175ms)
 GET /vendor/login 200 in 276ms (next.js: 13ms, application-code: 263ms)
 GET /vendor/login 200 in 251ms (next.js: 19ms, application-code: 231ms)
 GET /vendor/login 200 in 222ms (next.js: 21ms, application-code: 201ms)
 GET /vendor/login 200 in 348ms (next.js: 20ms, application-code: 328ms)
 GET /vendor/login 200 in 414ms (next.js: 19ms, application-code: 395ms)
 GET /vendor/login 200 in 439ms (next.js: 16ms, application-code: 423ms)
 GET /vendor/login 200 in 274ms (next.js: 18ms, application-code: 256ms)
✓ Compiled in 1120ms
 GET /vendor/login 200 in 1799ms (next.js: 1109ms, application-code: 690ms)
