▲ Next.js 16.2.4 (Turbopack)
- Local:         http://localhost:3002
- Network:       http://192.168.1.4:3002
- Environments: .env
✓ Ready in 2.1s

○ Compiling /services ...
 GET /services 200 in 5.0s (next.js: 4.1s, application-code: 825ms)
 GET /services 200 in 16.4s (next.js: 15.3s, application-code: 1107ms)
 GET /services/the-grand-palace-ballroom 200 in 1985ms (next.js: 1844ms, application-code: 141ms)
 GET /services 200 in 165ms (next.js: 13ms, application-code: 152ms)
 GET /services/the-grand-palace-ballroom 200 in 150ms (next.js: 47ms, application-code: 103ms)
 GET /services/the-grand-palace-ballroom 200 in 178ms (next.js: 16ms, application-code: 162ms)
 GET /services 200 in 87ms (next.js: 15ms, application-code: 72ms)
 GET /services/bloom-petal-decorations 200 in 128ms (next.js: 32ms, application-code: 96ms)
 GET /services 200 in 349ms (next.js: 31ms, application-code: 319ms)
 GET /services/bloom-petal-decorations 200 in 116ms (next.js: 32ms, application-code: 84ms)
 GET /event-types 200 in 1079ms (next.js: 818ms, application-code: 261ms)
 GET /about 200 in 838ms (next.js: 767ms, application-code: 70ms)
 GET /promotions 200 in 1103ms (next.js: 1051ms, application-code: 52ms)
 GET /event-types 200 in 305ms (next.js: 29ms, application-code: 276ms)
 GET /services 200 in 43ms (next.js: 7ms, application-code: 36ms)
 GET /services 200 in 330ms (next.js: 38ms, application-code: 292ms)
 GET /event-types 200 in 100ms (next.js: 10ms, application-code: 90ms)
 GET /about 200 in 64ms (next.js: 10ms, application-code: 55ms)
 GET /promotions 200 in 45ms (next.js: 7ms, application-code: 39ms)
 GET /bookings 200 in 1701ms (next.js: 1595ms, application-code: 106ms)
 GET /auth/login?redirect=%2Fbookings 200 in 1820ms (next.js: 1526ms, application-code: 293ms)
 GET /auth/login?redirect=%2Fbookings 200 in 189ms (next.js: 52ms, application-code: 138ms)
 GET /blog 200 in 2.4s (next.js: 2.2s, application-code: 165ms)
 GET /contact 200 in 1984ms (next.js: 1920ms, application-code: 64ms)
[browser] Image with src "/images/contact-us/contact-us.jpg" has "fill" but is missing "sizes" prop. Please add it to improve page performance. Read more: https://nextjs.org/docs/api-reference/next/image#sizes (file://D:/Aditya Kumar Dwivedi/Neural/Eventstan/Enentstan_Customer_Panel/.next/dev/static/chunks/node_modules_next_dist_115brz8._.js:2431:13)
 GET /services 200 in 132ms (next.js: 19ms, application-code: 113ms)
 GET /services/the-grand-palace-ballroom 200 in 238ms (next.js: 80ms, application-code: 158ms)
 GET /services 200 in 53ms (next.js: 12ms, application-code: 40ms)
 GET /promotions 200 in 53ms (next.js: 8ms, application-code: 45ms)
✓ Compiled in 801ms
 GET /promotions 200 in 1104ms (next.js: 807ms, application-code: 297ms)
 GET /services 200 in 1113ms (next.js: 417ms, application-code: 696ms)
 GET /services 200 in 107ms (next.js: 14ms, application-code: 94ms)
 GET /services/royal-feast-banquet-catering 200 in 274ms (next.js: 162ms, application-code: 112ms)
 GET /promotions 200 in 41ms (next.js: 6ms, application-code: 34ms)
✓ Compiled in 95ms
 GET /promotions 200 in 589ms (next.js: 437ms, application-code: 151ms)
✓ Compiled in 1119ms
⚠ Fast Refresh had to perform a full reload when ./node_modules/next/dist/client/image-component.js changed. Read more: https://nextjs.org/docs/messages/fast-refresh-reload
 GET /promotions 404 in 666ms (next.js: 244ms, application-code: 422ms)
 GET /promotions 404 in 683ms (next.js: 462ms, application-code: 221ms)
 GET /promotions 404 in 5.3s (next.js: 2.8s, application-code: 2.5s)
 GET /promotions 404 in 2.0s (next.js: 187ms, application-code: 1842ms)
 GET /promotions 404 in 2.3s (next.js: 336ms, application-code: 1942ms)
✓ Compiled in 605ms
⚠ Fast Refresh had to perform a full reload when ./node_modules/next/dist/client/image-component.js changed. Read more: https://nextjs.org/docs/messages/fast-refresh-reload
 GET /promotions 200 in 2.5s (next.js: 779ms, application-code: 1698ms)
 GET /promotions 200 in 282ms (next.js: 35ms, application-code: 247ms)
 GET /promotions 200 in 859ms (next.js: 212ms, application-code: 647ms)
 GET /promotions 200 in 903ms (next.js: 371ms, application-code: 533ms)
 GET /promotions 200 in 911ms (next.js: 40ms, application-code: 871ms)
 GET /promotions 200 in 1787ms (next.js: 32ms, application-code: 1755ms)
 GET /promotions 200 in 1837ms (next.js: 216ms, application-code: 1621ms)
 GET /promotions 200 in 293ms (next.js: 15ms, application-code: 277ms)
 GET /services/royal-feast-banquet-catering 200 in 2.0s (next.js: 625ms, application-code: 1380ms)
 GET /promotions 200 in 219ms (next.js: 14ms, application-code: 205ms)
 GET /services/royal-feast-banquet-catering 200 in 359ms (next.js: 39ms, application-code: 320ms)
 GET /event-types 200 in 385ms (next.js: 227ms, application-code: 158ms)
 GET /services 200 in 232ms (next.js: 166ms, application-code: 67ms)
 GET /services/royal-feast-banquet-catering 200 in 58ms (next.js: 16ms, application-code: 41ms)
 GET /services 200 in 46ms (next.js: 8ms, application-code: 38ms)
 GET /promotions 200 in 57ms (next.js: 7ms, application-code: 50ms)
 GET /promotions 200 in 246ms (next.js: 13ms, application-code: 234ms)
 GET /services 200 in 43ms (next.js: 7ms, application-code: 35ms)
 GET /services/royal-feast-banquet-catering 200 in 96ms (next.js: 24ms, application-code: 73ms)
 GET /promotions 200 in 55ms (next.js: 8ms, application-code: 47ms)
 GET /services 200 in 97ms (next.js: 13ms, application-code: 84ms)
 GET /services/sunset-terrace-gardens 200 in 67ms (next.js: 21ms, application-code: 46ms)
 GET /services/sunset-terrace-gardens 200 in 204ms (next.js: 20ms, application-code: 184ms)
 GET /services/sunset-terrace-gardens 200 in 148ms (next.js: 17ms, application-code: 131ms)
 GET /promotions 200 in 43ms (next.js: 8ms, application-code: 35ms)
 GET /services 200 in 47ms (next.js: 7ms, application-code: 40ms)
