{"sessionId":"55dc61","runId":"pre-fix","hypothesisId":"H-F2","location":"src/components/ui/Navbar.tsx:Navbar","message":"Navbar mounted (client) — same-origin debug log","data":{"pathname":"/"},"timestamp":1778571716774}
{"sessionId":"55dc61","runId":"pre-fix","hypothesisId":"H-F2","location":"src/components/ui/Navbar.tsx:Navbar","message":"Navbar mounted (client) — same-origin debug log","data":{"pathname":"/"},"timestamp":1778571744756}
{"sessionId":"55dc61","runId":"pre-fix","hypothesisId":"H-F2","location":"src/components/ui/Navbar.tsx:Navbar","message":"Navbar mounted (client) — same-origin debug log","data":{"pathname":"/services/6"},"timestamp":1778572093935}
{"sessionId":"55dc61","runId":"pre-fix","hypothesisId":"H-F2","location":"src/components/ui/Navbar.tsx:Navbar","message":"Navbar mounted (client) — same-origin debug log","data":{"pathname":"/"},"timestamp":1778578481649}
{"sessionId":"55dc61","runId":"pre-fix","hypothesisId":"H-F2","location":"src/components/ui/Navbar.tsx:Navbar","message":"Navbar mounted (client) — same-origin debug log","data":{"pathname":"/"},"timestamp":1778647186855}
{"sessionId":"55dc61","runId":"pre-fix","hypothesisId":"H-F2","location":"src/components/ui/Navbar.tsx:Navbar","message":"Navbar mounted (client) — same-origin debug log","data":{"pathname":"/"},"timestamp":1778647195025}
{"sessionId":"55dc61","runId":"pre-fix","hypothesisId":"H-F2","location":"src/components/ui/Navbar.tsx:Navbar","message":"Navbar mounted (client) — same-origin debug log","data":{"pathname":"/"},"timestamp":1779439960840}
{"sessionId":"55dc61","runId":"pre-fix","hypothesisId":"H-F2","location":"src/components/ui/Navbar.tsx:Navbar","message":"Navbar mounted (client) — same-origin debug log","data":{"pathname":"/services"},"timestamp":1779439982599}
{"sessionId":"55dc61","runId":"pre-fix","hypothesisId":"H-F2","location":"src/components/ui/Navbar.tsx:Navbar","message":"Navbar mounted (client) — same-origin debug log","data":{"pathname":"/"},"timestamp":1779440006150}
{"sessionId":"55dc61","runId":"pre-fix","hypothesisId":"H-F2","location":"src/components/ui/Navbar.tsx:Navbar","message":"Navbar mounted (client) — same-origin debug log","data":{"pathname":"/services/6"},"timestamp":1779440622152}
{"sessionId":"55dc61","runId":"pre-fix","hypothesisId":"H-F2","location":"src/components/ui/Navbar.tsx:Navbar","message":"Navbar mounted (client) — same-origin debug log","data":{"pathname":"/services/6"},"timestamp":1779440622237}
{"sessionId":"55dc61","runId":"pre-fix","hypothesisId":"H-F2","location":"src/components/ui/Navbar.tsx:Navbar","message":"Navbar mounted (client) — same-origin debug log","data":{"pathname":"/services/6"},"timestamp":1779440648663}
{"sessionId":"55dc61","runId":"pre-fix","hypothesisId":"H-F2","location":"src/components/ui/Navbar.tsx:Navbar","message":"Navbar mounted (client) — same-origin debug log","data":{"pathname":"/services/6"},"timestamp":1779440648696}
{"sessionId":"55dc61","runId":"pre-fix","hypothesisId":"H-F2","location":"src/components/ui/Navbar.tsx:Navbar","message":"Navbar mounted (client) — same-origin debug log","data":{"pathname":"/services/6"},"timestamp":1779440718550}
{"sessionId":"55dc61","runId":"pre-fix","hypothesisId":"H-F2","location":"src/components/ui/Navbar.tsx:Navbar","message":"Navbar mounted (client) — same-origin debug log","data":{"pathname":"/services/6"},"timestamp":1779440718741}
{"sessionId":"55dc61","runId":"pre-fix","hypothesisId":"H-F2","location":"src/components/ui/Navbar.tsx:Navbar","message":"Navbar mounted (client) — same-origin debug log","data":{"pathname":"/services/6"},"timestamp":1779440848269}
{"sessionId":"55dc61","runId":"pre-fix","hypothesisId":"H-F2","location":"src/components/ui/Navbar.tsx:Navbar","message":"Navbar mounted (client) — same-origin debug log","data":{"pathname":"/services/6"},"timestamp":1779440849838}
{"sessionId":"55dc61","runId":"pre-fix","hypothesisId":"H-F2","location":"src/components/ui/Navbar.tsx:Navbar","message":"Navbar mounted (client) — same-origin debug log","data":{"pathname":"/services/6"},"timestamp":1779441440353}
{"sessionId":"55dc61","runId":"pre-fix","hypothesisId":"H-F2","location":"src/components/ui/Navbar.tsx:Navbar","message":"Navbar mounted (client) — same-origin debug log","data":{"pathname":"/services/6"},"timestamp":1779441442105}
{"sessionId":"55dc61","runId":"pre-fix","hypothesisId":"H-F2","location":"src/components/ui/Navbar.tsx:Navbar","message":"Navbar mounted (client) — same-origin debug log","data":{"pathname":"/"},"timestamp":1779954670451}
{"sessionId":"55dc61","runId":"pre-fix","hypothesisId":"H-F2","location":"src/components/ui/Navbar.tsx:Navbar","message":"Navbar mounted (client) — same-origin debug log","data":{"pathname":"/"},"timestamp":1779954696724}
{"sessionId":"55dc61","runId":"pre-fix","hypothesisId":"H-F2","location":"src/components/ui/Navbar.tsx:Navbar","message":"Navbar mounted (client) — same-origin debug log","data":{"pathname":"/"},"timestamp":1780056275321}
{"sessionId":"55dc61","runId":"pre-fix","hypothesisId":"H-F2","location":"src/components/ui/Navbar.tsx:Navbar","message":"Navbar mounted (client) — same-origin debug log","data":{"pathname":"/"},"timestamp":1780056854934}
{"sessionId":"55dc61","runId":"pre-fix","hypothesisId":"H-F2","location":"src/components/ui/Navbar.tsx:Navbar","message":"Navbar mounted (client) — same-origin debug log","data":{"pathname":"/"},"timestamp":1780056863340}
{"sessionId":"55dc61","runId":"pre-fix","hypothesisId":"H-F2","location":"src/components/ui/Navbar.tsx:Navbar","message":"Navbar mounted (client) — same-origin debug log","data":{"pathname":"/"},"timestamp":1780058694373}
{"sessionId":"55dc61","runId":"pre-fix","hypothesisId":"H-F2","location":"src/components/ui/Navbar.tsx:Navbar","message":"Navbar mounted (client) — same-origin debug log","data":{"pathname":"/"},"timestamp":1780058872759}
{"sessionId":"55dc61","runId":"pre-fix","hypothesisId":"H-F2","location":"src/components/ui/Navbar.tsx:Navbar","message":"Navbar mounted (client) — same-origin debug log","data":{"pathname":"/services/6"},"timestamp":1780058881934}
{"sessionId":"55dc61","runId":"pre-fix","hypothesisId":"H-F2","location":"src/components/ui/Navbar.tsx:Navbar","message":"Navbar mounted (client) — same-origin debug log","data":{"pathname":"/services/6"},"timestamp":1780058920835}
{"sessionId":"55dc61","runId":"pre-fix","hypothesisId":"H-F2","location":"src/components/ui/Navbar.tsx:Navbar","message":"Navbar mounted (client) — same-origin debug log","data":{"pathname":"/promotions"},"timestamp":1780058920848}
{"sessionId":"55dc61","runId":"pre-fix","hypothesisId":"H-F2","location":"src/components/ui/Navbar.tsx:Navbar","message":"Navbar mounted (client) — same-origin debug log","data":{"pathname":"/promotions"},"timestamp":1780058980228}
{"sessionId":"55dc61","runId":"pre-fix","hypothesisId":"H-F2","location":"src/components/ui/Navbar.tsx:Navbar","message":"Navbar mounted (client) — same-origin debug log","data":{"pathname":"/services/6"},"timestamp":1780058980230}
{"sessionId":"55dc61","runId":"pre-fix","hypothesisId":"H-F2","location":"src/components/ui/Navbar.tsx:Navbar","message":"Navbar mounted (client) — same-origin debug log","data":{"pathname":"/services/6"},"timestamp":1780059247554}
{"sessionId":"55dc61","runId":"pre-fix","hypothesisId":"H-F2","location":"src/components/ui/Navbar.tsx:Navbar","message":"Navbar mounted (client) — same-origin debug log","data":{"pathname":"/promotions"},"timestamp":1780059247556}
{"sessionId":"55dc61","runId":"pre-fix","hypothesisId":"H-F2","location":"src/components/ui/Navbar.tsx:Navbar","message":"Navbar mounted (client) — same-origin debug log","data":{"pathname":"/services/6"},"timestamp":1780059254032}
{"sessionId":"55dc61","runId":"pre-fix","hypothesisId":"H-F2","location":"src/components/ui/Navbar.tsx:Navbar","message":"Navbar mounted (client) — same-origin debug log","data":{"pathname":"/promotions"},"timestamp":1780059254040}
{"sessionId":"55dc61","runId":"pre-fix","hypothesisId":"H-F2","location":"src/components/ui/Navbar.tsx:Navbar","message":"Navbar mounted (client) — same-origin debug log","data":{"pathname":"/services"},"timestamp":1780059865403}
{"sessionId":"55dc61","runId":"pre-fix","hypothesisId":"H-F2","location":"src/components/ui/Navbar.tsx:Navbar","message":"Navbar mounted (client) — same-origin debug log","data":{"pathname":"/"},"timestamp":1780147188529}
{"sessionId":"55dc61","runId":"pre-fix","hypothesisId":"H-F2","location":"src/components/ui/Navbar.tsx:Navbar","message":"Navbar mounted (client) — same-origin debug log","data":{"pathname":"/services/6"},"timestamp":1780147216254}
{"sessionId":"55dc61","runId":"pre-fix","hypothesisId":"H-F2","location":"src/components/ui/Navbar.tsx:Navbar","message":"Navbar mounted (client) — same-origin debug log","data":{"pathname":"/services/6"},"timestamp":1780384637821}
{"sessionId":"55dc61","runId":"pre-fix","hypothesisId":"H-F2","location":"src/components/ui/Navbar.tsx:Navbar","message":"Navbar mounted (client) — same-origin debug log","data":{"pathname":"/services/6"},"timestamp":1780384820496}
{"sessionId":"55dc61","runId":"pre-fix","hypothesisId":"H-F2","location":"src/components/ui/Navbar.tsx:Navbar","message":"Navbar mounted (client) — same-origin debug log","data":{"pathname":"/services"},"timestamp":1780384830142}
{"sessionId":"55dc61","runId":"pre-fix","hypothesisId":"H-F2","location":"src/components/ui/Navbar.tsx:Navbar","message":"Navbar mounted (client) — same-origin debug log","data":{"pathname":"/services/4"},"timestamp":1780384880259}
{"sessionId":"55dc61","runId":"pre-fix","hypothesisId":"H-F2","location":"src/components/ui/Navbar.tsx:Navbar","message":"Navbar mounted (client) — same-origin debug log","data":{"pathname":"/"},"timestamp":1780918551818}
{"sessionId":"55dc61","runId":"pre-fix","hypothesisId":"H-F2","location":"src/components/ui/Navbar.tsx:Navbar","message":"Navbar mounted (client) — same-origin debug log","data":{"pathname":"/blog"},"timestamp":1780918558125}
{"sessionId":"55dc61","runId":"pre-fix","hypothesisId":"H-F2","location":"src/components/ui/Navbar.tsx:Navbar","message":"Navbar mounted (client) — same-origin debug log","data":{"pathname":"/blog"},"timestamp":1780918558126}
{"sessionId":"55dc61","runId":"pre-fix","hypothesisId":"H-F2","location":"src/components/ui/Navbar.tsx:Navbar","message":"Navbar mounted (client) — same-origin debug log","data":{"pathname":"/blog"},"timestamp":1780918566960}
{"sessionId":"55dc61","runId":"pre-fix","hypothesisId":"H-F2","location":"src/components/ui/Navbar.tsx:Navbar","message":"Navbar mounted (client) — same-origin debug log","data":{"pathname":"/blog"},"timestamp":1780918566960}
{"sessionId":"55dc61","runId":"pre-fix","hypothesisId":"H-F2","location":"src/components/ui/Navbar.tsx:Navbar","message":"Navbar mounted (client) — same-origin debug log","data":{"pathname":"/"},"timestamp":1780921643910}
{"sessionId":"55dc61","runId":"pre-fix","hypothesisId":"H-F2","location":"src/components/ui/Navbar.tsx:Navbar","message":"Navbar mounted (client) — same-origin debug log","data":{"pathname":"/blog"},"timestamp":1780921651183}
{"sessionId":"55dc61","runId":"pre-fix","hypothesisId":"H-F2","location":"src/components/ui/Navbar.tsx:Navbar","message":"Navbar mounted (client) — same-origin debug log","data":{"pathname":"/blog"},"timestamp":1780921651183}
{"sessionId":"55dc61","runId":"pre-fix","hypothesisId":"H-F2","location":"src/components/ui/Navbar.tsx:Navbar","message":"Navbar mounted (client) — same-origin debug log","data":{"pathname":"/blog"},"timestamp":1780921794754}
{"sessionId":"55dc61","runId":"pre-fix","hypothesisId":"H-F2","location":"src/components/ui/Navbar.tsx:Navbar","message":"Navbar mounted (client) — same-origin debug log","data":{"pathname":"/blog"},"timestamp":1780921794755}
{"sessionId":"55dc61","runId":"pre-fix","hypothesisId":"H-F2","location":"src/components/ui/Navbar.tsx:Navbar","message":"Navbar mounted (client) — same-origin debug log","data":{"pathname":"/"},"timestamp":1780988167435}
{"sessionId":"55dc61","runId":"pre-fix","hypothesisId":"H-F2","location":"src/components/ui/Navbar.tsx:Navbar","message":"Navbar mounted (client) — same-origin debug log","data":{"pathname":"/"},"timestamp":1780988395260}
{"sessionId":"55dc61","runId":"pre-fix","hypothesisId":"H-F2","location":"src/components/ui/Navbar.tsx:Navbar","message":"Navbar mounted (client) — same-origin debug log","data":{"pathname":"/"},"timestamp":1780988401331}
{"sessionId":"55dc61","runId":"pre-fix","hypothesisId":"H-F2","location":"src/components/ui/Navbar.tsx:Navbar","message":"Navbar mounted (client) — same-origin debug log","data":{"pathname":"/blog/stunning-garden-wedding-cape-town"},"timestamp":1780988977614}
{"sessionId":"55dc61","runId":"pre-fix","hypothesisId":"H-F2","location":"src/components/ui/Navbar.tsx:Navbar","message":"Navbar mounted (client) — same-origin debug log","data":{"pathname":"/"},"timestamp":1780987709166}
{"sessionId":"55dc61","runId":"pre-fix","hypothesisId":"H-F2","location":"src/components/ui/Navbar.tsx:Navbar","message":"Navbar mounted (client) — same-origin debug log","data":{"pathname":"/"},"timestamp":1780987710076}
{"sessionId":"55dc61","runId":"pre-fix","hypothesisId":"H-F2","location":"src/components/ui/Navbar.tsx:Navbar","message":"Navbar mounted (client) — same-origin debug log","data":{"pathname":"/"},"timestamp":1780987770142}
{"sessionId":"55dc61","runId":"pre-fix","hypothesisId":"H-F2","location":"src/components/ui/Navbar.tsx:Navbar","message":"Navbar mounted (client) — same-origin debug log","data":{"pathname":"/"},"timestamp":1780988006443}
{"sessionId":"55dc61","runId":"pre-fix","hypothesisId":"H-F2","location":"src/components/ui/Navbar.tsx:Navbar","message":"Navbar mounted (client) — same-origin debug log","data":{"pathname":"/"},"timestamp":1780988353002}
{"sessionId":"55dc61","runId":"pre-fix","hypothesisId":"H-F2","location":"src/components/ui/Navbar.tsx:Navbar","message":"Navbar mounted (client) — same-origin debug log","data":{"pathname":"/"},"timestamp":1780988385167}
{"sessionId":"55dc61","runId":"pre-fix","hypothesisId":"H-F2","location":"src/components/ui/Navbar.tsx:Navbar","message":"Navbar mounted (client) — same-origin debug log","data":{"pathname":"/"},"timestamp":1780988403983}
{"sessionId":"55dc61","runId":"pre-fix","hypothesisId":"H-F2","location":"src/components/ui/Navbar.tsx:Navbar","message":"Navbar mounted (client) — same-origin debug log","data":{"pathname":"/"},"timestamp":1780988404375}
{"sessionId":"55dc61","runId":"pre-fix","hypothesisId":"H-F2","location":"src/components/ui/Navbar.tsx:Navbar","message":"Navbar mounted (client) — same-origin debug log","data":{"pathname":"/"},"timestamp":1780988404752}
{"sessionId":"55dc61","runId":"pre-fix","hypothesisId":"H-F2","location":"src/components/ui/Navbar.tsx:Navbar","message":"Navbar mounted (client) — same-origin debug log","data":{"pathname":"/"},"timestamp":1780988405296}
{"sessionId":"55dc61","runId":"pre-fix","hypothesisId":"H-F2","location":"src/components/ui/Navbar.tsx:Navbar","message":"Navbar mounted (client) — same-origin debug log","data":{"pathname":"/"},"timestamp":1780988405920}
{"sessionId":"55dc61","runId":"pre-fix","hypothesisId":"H-F2","location":"src/components/ui/Navbar.tsx:Navbar","message":"Navbar mounted (client) — same-origin debug log","data":{"pathname":"/"},"timestamp":1780988407836}
{"sessionId":"55dc61","runId":"pre-fix","hypothesisId":"H-F2","location":"src/components/ui/Navbar.tsx:Navbar","message":"Navbar mounted (client) — same-origin debug log","data":{"pathname":"/"},"timestamp":1780988408818}
{"sessionId":"55dc61","runId":"pre-fix","hypothesisId":"H-F2","location":"src/components/ui/Navbar.tsx:Navbar","message":"Navbar mounted (client) — same-origin debug log","data":{"pathname":"/"},"timestamp":1780988524676}
{"sessionId":"55dc61","runId":"pre-fix","hypothesisId":"H-F2","location":"src/components/ui/Navbar.tsx:Navbar","message":"Navbar mounted (client) — same-origin debug log","data":{"pathname":"/"},"timestamp":1780989475733}
{"sessionId":"55dc61","runId":"pre-fix","hypothesisId":"H-F2","location":"src/components/ui/Navbar.tsx:Navbar","message":"Navbar mounted (client) — same-origin debug log","data":{"pathname":"/"},"timestamp":1780989571496}
{"sessionId":"55dc61","runId":"pre-fix","hypothesisId":"H-F2","location":"src/components/ui/Navbar.tsx:Navbar","message":"Navbar mounted (client) — same-origin debug log","data":{"pathname":"/"},"timestamp":1780989654407}
{"sessionId":"55dc61","runId":"pre-fix","hypothesisId":"H-F2","location":"src/components/ui/Navbar.tsx:Navbar","message":"Navbar mounted (client) — same-origin debug log","data":{"pathname":"/"},"timestamp":1780989656212}
{"sessionId":"55dc61","runId":"pre-fix","hypothesisId":"H-F2","location":"src/components/ui/Navbar.tsx:Navbar","message":"Navbar mounted (client) — same-origin debug log","data":{"pathname":"/"},"timestamp":1780989707469}
{"sessionId":"55dc61","runId":"pre-fix","hypothesisId":"H-F2","location":"src/components/ui/Navbar.tsx:Navbar","message":"Navbar mounted (client) — same-origin debug log","data":{"pathname":"/"},"timestamp":1780989722734}
{"sessionId":"55dc61","runId":"pre-fix","hypothesisId":"H-F2","location":"src/components/ui/Navbar.tsx:Navbar","message":"Navbar mounted (client) — same-origin debug log","data":{"pathname":"/"},"timestamp":1780989734308}
{"sessionId":"55dc61","runId":"pre-fix","hypothesisId":"H-F2","location":"src/components/ui/Navbar.tsx:Navbar","message":"Navbar mounted (client) — same-origin debug log","data":{"pathname":"/"},"timestamp":1780991622170}
{"sessionId":"55dc61","runId":"pre-fix","hypothesisId":"H-F2","location":"src/components/ui/Navbar.tsx:Navbar","message":"Navbar mounted (client) — same-origin debug log","data":{"pathname":"/"},"timestamp":1780992024511}
{"sessionId":"55dc61","runId":"pre-fix","hypothesisId":"H-F2","location":"src/components/ui/Navbar.tsx:Navbar","message":"Navbar mounted (client) — same-origin debug log","data":{"pathname":"/"},"timestamp":1780992262753}
