
> eventstan-api@0.1.0 start:dev
> nest start --watch

[2J[3J[H[[90m11:42:09 am[0m] Starting compilation in watch mode...

[96msrc/modules/coupons/coupons.service.ts[0m:[93m2[0m:[93m10[0m - [91merror[0m[90m TS2305: [0mModule '"@prisma/client"' has no exported member 'CouponType'.

[7m2[0m import { CouponType } from '@prisma/client';
[7m [0m [91m         ~~~~~~~~~~[0m

[96msrc/modules/packages/packages.service.ts[0m:[93m2[0m:[93m10[0m - [91merror[0m[90m TS2305: [0mModule '"@prisma/client"' has no exported member 'ListingStatus'.

[7m2[0m import { ListingStatus } from '@prisma/client';
[7m [0m [91m         ~~~~~~~~~~~~~[0m

[96msrc/modules/packages/packages.service.ts[0m:[93m14[0m:[93m69[0m - [91merror[0m[90m TS7006: [0mParameter 'service' implicitly has an 'any' type.

[7m14[0m     const missingService = dto.itemIds.find((id) => !services.some((service) => service.id === id));
[7m  [0m [91m                                                                    ~~~~~~~[0m

[96msrc/modules/packages/packages.service.ts[0m:[93m40[0m:[93m26[0m - [91merror[0m[90m TS7006: [0mParameter 'item' implicitly has an 'any' type.

[7m40[0m     return packages.map((item) => this.toCustomerPackage(item));
[7m  [0m [91m                         ~~~~[0m

[96msrc/modules/packages/packages.service.ts[0m:[93m48[0m:[93m78[0m - [91merror[0m[90m TS7006: [0mParameter 'service' implicitly has an 'any' type.

[7m48[0m       const missingService = dto.itemIds.find((serviceId) => !services.some((service) => service.id === serviceId));
[7m  [0m [91m                                                                             ~~~~~~~[0m

[96msrc/modules/reviews/reviews.service.ts[0m:[93m2[0m:[93m10[0m - [91merror[0m[90m TS2305: [0mModule '"@prisma/client"' has no exported member 'ReviewStatus'.

[7m2[0m import { ReviewStatus } from '@prisma/client';
[7m [0m [91m         ~~~~~~~~~~~~[0m

[96msrc/modules/reviews/reviews.service.ts[0m:[93m49[0m:[93m25[0m - [91merror[0m[90m TS7006: [0mParameter 'review' implicitly has an 'any' type.

[7m49[0m     return reviews.map((review) => {
[7m  [0m [91m                        ~~~~~~[0m

[96msrc/modules/services/services.service.ts[0m:[93m2[0m:[93m10[0m - [91merror[0m[90m TS2305: [0mModule '"@prisma/client"' has no exported member 'ListingStatus'.

[7m2[0m import { ListingStatus } from '@prisma/client';
[7m [0m [91m         ~~~~~~~~~~~~~[0m

[96msrc/modules/services/services.service.ts[0m:[93m91[0m:[93m29[0m - [91merror[0m[90m TS7006: [0mParameter 'subService' implicitly has an 'any' type.

[7m91[0m     return subServices.map((subService) => this.normalizeSubService(subService));
[7m  [0m [91m                            ~~~~~~~~~~[0m

[96msrc/modules/services/services.service.ts[0m:[93m139[0m:[93m26[0m - [91merror[0m[90m TS7006: [0mParameter 'service' implicitly has an 'any' type.

[7m139[0m     return services.map((service) => this.toCustomerService(service));
[7m   [0m [91m                         ~~~~~~~[0m

[96msrc/modules/services/services.service.ts[0m:[93m157[0m:[93m29[0m - [91merror[0m[90m TS7006: [0mParameter 'subService' implicitly has an 'any' type.

[7m157[0m     return subServices.map((subService) => this.normalizeSubService(subService));
[7m   [0m [91m                            ~~~~~~~~~~[0m

[96msrc/modules/services/services.service.ts[0m:[93m198[0m:[93m45[0m - [91merror[0m[90m TS7006: [0mParameter 'subService' implicitly has an 'any' type.

[7m198[0m       subServices: service.subServices.map((subService) => this.normalizeSubService(subService)),
[7m   [0m [91m                                            ~~~~~~~~~~[0m

[96msrc/modules/vendors/vendors.controller.ts[0m:[93m3[0m:[93m10[0m - [91merror[0m[90m TS2305: [0mModule '"@prisma/client"' has no exported member 'VendorStatus'.

[7m3[0m import { VendorStatus } from '@prisma/client';
[7m [0m [91m         ~~~~~~~~~~~~[0m

[96msrc/modules/vendors/vendors.service.ts[0m:[93m2[0m:[93m10[0m - [91merror[0m[90m TS2305: [0mModule '"@prisma/client"' has no exported member 'VendorStatus'.

[7m2[0m import { VendorStatus } from '@prisma/client';
[7m [0m [91m         ~~~~~~~~~~~~[0m

[96msrc/modules/vendors/vendors.service.ts[0m:[93m40[0m:[93m81[0m - [91merror[0m[90m TS7006: [0mParameter 'vendor' implicitly has an 'any' type.

[7m40[0m     return this.prisma.vendor.update({ where: { id }, data: { status } }).then((vendor) => ({ ...vendor, statusReason: reason }));
[7m  [0m [91m                                                                                ~~~~~~[0m

[[90m11:42:23 am[0m] Found 15 errors. Watching for file changes.

[2J[3J[H[[90m11:43:23 am[0m] File change detected. Starting incremental compilation...

[[90m11:43:31 am[0m] Found 0 errors. Watching for file changes.

[2J[3J[H[[90m11:43:32 am[0m] File change detected. Starting incremental compilation...

[[90m11:43:33 am[0m] Found 0 errors. Watching for file changes.

[32m[Nest] 15644  - [39m13/06/2026, 11:43:38 am [32m    LOG[39m [38;5;3m[NestFactory] [39m[32mStarting Nest application...[39m
[32m[Nest] 15644  - [39m13/06/2026, 11:43:39 am [32m    LOG[39m [38;5;3m[InstanceLoader] [39m[32mAppModule dependencies initialized[39m[38;5;3m +101ms[39m
[32m[Nest] 15644  - [39m13/06/2026, 11:43:39 am [32m    LOG[39m [38;5;3m[InstanceLoader] [39m[32mPrismaModule dependencies initialized[39m[38;5;3m +879ms[39m
[32m[Nest] 15644  - [39m13/06/2026, 11:43:39 am [32m    LOG[39m [38;5;3m[InstanceLoader] [39m[32mDataStoreModule dependencies initialized[39m[38;5;3m +7ms[39m
[32m[Nest] 15644  - [39m13/06/2026, 11:43:39 am [32m    LOG[39m [38;5;3m[InstanceLoader] [39m[32mAuthModule dependencies initialized[39m[38;5;3m +13ms[39m
[32m[Nest] 15644  - [39m13/06/2026, 11:43:39 am [32m    LOG[39m [38;5;3m[InstanceLoader] [39m[32mConfigHostModule dependencies initialized[39m[38;5;3m +1ms[39m
[32m[Nest] 15644  - [39m13/06/2026, 11:43:39 am [32m    LOG[39m [38;5;3m[InstanceLoader] [39m[32mHealthModule dependencies initialized[39m[38;5;3m +2ms[39m
[32m[Nest] 15644  - [39m13/06/2026, 11:43:39 am [32m    LOG[39m [38;5;3m[InstanceLoader] [39m[32mMasterDataModule dependencies initialized[39m[38;5;3m +0ms[39m
[32m[Nest] 15644  - [39m13/06/2026, 11:43:39 am [32m    LOG[39m [38;5;3m[InstanceLoader] [39m[32mServicesModule dependencies initialized[39m[38;5;3m +2ms[39m
[32m[Nest] 15644  - [39m13/06/2026, 11:43:39 am [32m    LOG[39m [38;5;3m[InstanceLoader] [39m[32mPackagesModule dependencies initialized[39m[38;5;3m +1ms[39m
[32m[Nest] 15644  - [39m13/06/2026, 11:43:39 am [32m    LOG[39m [38;5;3m[InstanceLoader] [39m[32mAvailabilityModule dependencies initialized[39m[38;5;3m +0ms[39m
[32m[Nest] 15644  - [39m13/06/2026, 11:43:39 am [32m    LOG[39m [38;5;3m[InstanceLoader] [39m[32mCartModule dependencies initialized[39m[38;5;3m +1ms[39m
[32m[Nest] 15644  - [39m13/06/2026, 11:43:39 am [32m    LOG[39m [38;5;3m[InstanceLoader] [39m[32mConfigModule dependencies initialized[39m[38;5;3m +0ms[39m
[32m[Nest] 15644  - [39m13/06/2026, 11:43:39 am [32m    LOG[39m [38;5;3m[InstanceLoader] [39m[32mVendorsModule dependencies initialized[39m[38;5;3m +1ms[39m
[32m[Nest] 15644  - [39m13/06/2026, 11:43:39 am [32m    LOG[39m [38;5;3m[InstanceLoader] [39m[32mCouponsModule dependencies initialized[39m[38;5;3m +2ms[39m
[32m[Nest] 15644  - [39m13/06/2026, 11:43:39 am [32m    LOG[39m [38;5;3m[InstanceLoader] [39m[32mBookingsModule dependencies initialized[39m[38;5;3m +5ms[39m
[32m[Nest] 15644  - [39m13/06/2026, 11:43:39 am [32m    LOG[39m [38;5;3m[InstanceLoader] [39m[32mPaymentsModule dependencies initialized[39m[38;5;3m +2ms[39m
[32m[Nest] 15644  - [39m13/06/2026, 11:43:39 am [32m    LOG[39m [38;5;3m[InstanceLoader] [39m[32mReviewsModule dependencies initialized[39m[38;5;3m +1ms[39m
[32m[Nest] 15644  - [39m13/06/2026, 11:43:39 am [32m    LOG[39m [38;5;3m[InstanceLoader] [39m[32mSettlementsModule dependencies initialized[39m[38;5;3m +1ms[39m
[32m[Nest] 15644  - [39m13/06/2026, 11:43:39 am [32m    LOG[39m [38;5;3m[InstanceLoader] [39m[32mUploadsModule dependencies initialized[39m[38;5;3m +1ms[39m
[32m[Nest] 15644  - [39m13/06/2026, 11:43:40 am [32m    LOG[39m [38;5;3m[RoutesResolver] [39m[32mHealthController {/api/v1/health}:[39m[38;5;3m +180ms[39m
[32m[Nest] 15644  - [39m13/06/2026, 11:43:40 am [32m    LOG[39m [38;5;3m[RouterExplorer] [39m[32mMapped {/api/v1/health, GET} route[39m[38;5;3m +14ms[39m
[32m[Nest] 15644  - [39m13/06/2026, 11:43:40 am [32m    LOG[39m [38;5;3m[RouterExplorer] [39m[32mMapped {/api/v1/health/db, GET} route[39m[38;5;3m +1ms[39m
[32m[Nest] 15644  - [39m13/06/2026, 11:43:40 am [32m    LOG[39m [38;5;3m[RoutesResolver] [39m[32mAuthController {/api/v1/auth}:[39m[38;5;3m +1ms[39m
[32m[Nest] 15644  - [39m13/06/2026, 11:43:40 am [32m    LOG[39m [38;5;3m[RouterExplorer] [39m[32mMapped {/api/v1/auth/login, POST} route[39m[38;5;3m +2ms[39m
[32m[Nest] 15644  - [39m13/06/2026, 11:43:40 am [32m    LOG[39m [38;5;3m[RouterExplorer] [39m[32mMapped {/api/v1/auth/otp/request, POST} route[39m[38;5;3m +2ms[39m
[32m[Nest] 15644  - [39m13/06/2026, 11:43:40 am [32m    LOG[39m [38;5;3m[RoutesResolver] [39m[32mMasterDataController {/api/v1/master-data}:[39m[38;5;3m +0ms[39m
[32m[Nest] 15644  - [39m13/06/2026, 11:43:40 am [32m    LOG[39m [38;5;3m[RouterExplorer] [39m[32mMapped {/api/v1/master-data/categories, GET} route[39m[38;5;3m +1ms[39m
[32m[Nest] 15644  - [39m13/06/2026, 11:43:40 am [32m    LOG[39m [38;5;3m[RouterExplorer] [39m[32mMapped {/api/v1/master-data/categories, POST} route[39m[38;5;3m +2ms[39m
[32m[Nest] 15644  - [39m13/06/2026, 11:43:40 am [32m    LOG[39m [38;5;3m[RouterExplorer] [39m[32mMapped {/api/v1/master-data/categories/:id, PUT} route[39m[38;5;3m +1ms[39m
[32m[Nest] 15644  - [39m13/06/2026, 11:43:40 am [32m    LOG[39m [38;5;3m[RouterExplorer] [39m[32mMapped {/api/v1/master-data/categories/:id, DELETE} route[39m[38;5;3m +1ms[39m
[32m[Nest] 15644  - [39m13/06/2026, 11:43:40 am [32m    LOG[39m [38;5;3m[RouterExplorer] [39m[32mMapped {/api/v1/master-data/countries, GET} route[39m[38;5;3m +4ms[39m
[32m[Nest] 15644  - [39m13/06/2026, 11:43:40 am [32m    LOG[39m [38;5;3m[RouterExplorer] [39m[32mMapped {/api/v1/master-data/countries, POST} route[39m[38;5;3m +2ms[39m
[32m[Nest] 15644  - [39m13/06/2026, 11:43:40 am [32m    LOG[39m [38;5;3m[RouterExplorer] [39m[32mMapped {/api/v1/master-data/countries/:id, PUT} route[39m[38;5;3m +1ms[39m
[32m[Nest] 15644  - [39m13/06/2026, 11:43:40 am [32m    LOG[39m [38;5;3m[RouterExplorer] [39m[32mMapped {/api/v1/master-data/countries/:id, DELETE} route[39m[38;5;3m +1ms[39m
[32m[Nest] 15644  - [39m13/06/2026, 11:43:40 am [32m    LOG[39m [38;5;3m[RouterExplorer] [39m[32mMapped {/api/v1/master-data/currencies, GET} route[39m[38;5;3m +1ms[39m
[32m[Nest] 15644  - [39m13/06/2026, 11:43:40 am [32m    LOG[39m [38;5;3m[RouterExplorer] [39m[32mMapped {/api/v1/master-data/event-slots, GET} route[39m[38;5;3m +1ms[39m
[32m[Nest] 15644  - [39m13/06/2026, 11:43:40 am [32m    LOG[39m [38;5;3m[RouterExplorer] [39m[32mMapped {/api/v1/master-data/event-slots, POST} route[39m[38;5;3m +1ms[39m
[32m[Nest] 15644  - [39m13/06/2026, 11:43:40 am [32m    LOG[39m [38;5;3m[RouterExplorer] [39m[32mMapped {/api/v1/master-data/event-slots/:id, PUT} route[39m[38;5;3m +2ms[39m
[32m[Nest] 15644  - [39m13/06/2026, 11:43:40 am [32m    LOG[39m [38;5;3m[RouterExplorer] [39m[32mMapped {/api/v1/master-data/event-slots/:id, DELETE} route[39m[38;5;3m +0ms[39m
[32m[Nest] 15644  - [39m13/06/2026, 11:43:40 am [32m    LOG[39m [38;5;3m[RouterExplorer] [39m[32mMapped {/api/v1/master-data/email-templates, GET} route[39m[38;5;3m +1ms[39m
[32m[Nest] 15644  - [39m13/06/2026, 11:43:40 am [32m    LOG[39m [38;5;3m[RouterExplorer] [39m[32mMapped {/api/v1/master-data/email-templates, POST} route[39m[38;5;3m +1ms[39m
[32m[Nest] 15644  - [39m13/06/2026, 11:43:40 am [32m    LOG[39m [38;5;3m[RouterExplorer] [39m[32mMapped {/api/v1/master-data/email-templates/:id, GET} route[39m[38;5;3m +1ms[39m
[32m[Nest] 15644  - [39m13/06/2026, 11:43:40 am [32m    LOG[39m [38;5;3m[RouterExplorer] [39m[32mMapped {/api/v1/master-data/email-templates/:id, PUT} route[39m[38;5;3m +3ms[39m
[32m[Nest] 15644  - [39m13/06/2026, 11:43:40 am [32m    LOG[39m [38;5;3m[RouterExplorer] [39m[32mMapped {/api/v1/master-data/email-templates/:id, DELETE} route[39m[38;5;3m +2ms[39m
[32m[Nest] 15644  - [39m13/06/2026, 11:43:40 am [32m    LOG[39m [38;5;3m[RoutesResolver] [39m[32mVendorsController {/api/v1/vendors}:[39m[38;5;3m +0ms[39m
[32m[Nest] 15644  - [39m13/06/2026, 11:43:40 am [32m    LOG[39m [38;5;3m[RouterExplorer] [39m[32mMapped {/api/v1/vendors, POST} route[39m[38;5;3m +1ms[39m
[32m[Nest] 15644  - [39m13/06/2026, 11:43:40 am [32m    LOG[39m [38;5;3m[RouterExplorer] [39m[32mMapped {/api/v1/vendors, GET} route[39m[38;5;3m +1ms[39m
[32m[Nest] 15644  - [39m13/06/2026, 11:43:40 am [32m    LOG[39m [38;5;3m[RouterExplorer] [39m[32mMapped {/api/v1/vendors/:id, GET} route[39m[38;5;3m +1ms[39m
[32m[Nest] 15644  - [39m13/06/2026, 11:43:40 am [32m    LOG[39m [38;5;3m[RouterExplorer] [39m[32mMapped {/api/v1/vendors/:id/status, PATCH} route[39m[38;5;3m +1ms[39m
[32m[Nest] 15644  - [39m13/06/2026, 11:43:40 am [32m    LOG[39m [38;5;3m[RouterExplorer] [39m[32mMapped {/api/v1/vendors/:id, PUT} route[39m[38;5;3m +1ms[39m
[32m[Nest] 15644  - [39m13/06/2026, 11:43:40 am [32m    LOG[39m [38;5;3m[RouterExplorer] [39m[32mMapped {/api/v1/vendors/:id, DELETE} route[39m[38;5;3m +1ms[39m
[32m[Nest] 15644  - [39m13/06/2026, 11:43:40 am [32m    LOG[39m [38;5;3m[RoutesResolver] [39m[32mServicesController {/api/v1/services}:[39m[38;5;3m +1ms[39m
[32m[Nest] 15644  - [39m13/06/2026, 11:43:40 am [32m    LOG[39m [38;5;3m[RouterExplorer] [39m[32mMapped {/api/v1/services, POST} route[39m[38;5;3m +1ms[39m
[32m[Nest] 15644  - [39m13/06/2026, 11:43:40 am [32m    LOG[39m [38;5;3m[RouterExplorer] [39m[32mMapped {/api/v1/services/:id/sub-services, POST} route[39m[38;5;3m +1ms[39m
[32m[Nest] 15644  - [39m13/06/2026, 11:43:40 am [32m    LOG[39m [38;5;3m[RouterExplorer] [39m[32mMapped {/api/v1/services/sub-services, GET} route[39m[38;5;3m +0ms[39m
[32m[Nest] 15644  - [39m13/06/2026, 11:43:40 am [32m    LOG[39m [38;5;3m[RouterExplorer] [39m[32mMapped {/api/v1/services/sub-services/:id, PUT} route[39m[38;5;3m +1ms[39m
[32m[Nest] 15644  - [39m13/06/2026, 11:43:40 am [32m    LOG[39m [38;5;3m[RouterExplorer] [39m[32mMapped {/api/v1/services/sub-services/:id, DELETE} route[39m[38;5;3m +1ms[39m
[32m[Nest] 15644  - [39m13/06/2026, 11:43:40 am [32m    LOG[39m [38;5;3m[RouterExplorer] [39m[32mMapped {/api/v1/services, GET} route[39m[38;5;3m +1ms[39m
[32m[Nest] 15644  - [39m13/06/2026, 11:43:40 am [32m    LOG[39m [38;5;3m[RouterExplorer] [39m[32mMapped {/api/v1/services/:id, PUT} route[39m[38;5;3m +3ms[39m
[32m[Nest] 15644  - [39m13/06/2026, 11:43:40 am [32m    LOG[39m [38;5;3m[RouterExplorer] [39m[32mMapped {/api/v1/services/:id, PATCH} route[39m[38;5;3m +2ms[39m
[32m[Nest] 15644  - [39m13/06/2026, 11:43:40 am [32m    LOG[39m [38;5;3m[RouterExplorer] [39m[32mMapped {/api/v1/services/:id, DELETE} route[39m[38;5;3m +1ms[39m
[32m[Nest] 15644  - [39m13/06/2026, 11:43:40 am [32m    LOG[39m [38;5;3m[RouterExplorer] [39m[32mMapped {/api/v1/services/:id, GET} route[39m[38;5;3m +1ms[39m
[32m[Nest] 15644  - [39m13/06/2026, 11:43:40 am [32m    LOG[39m [38;5;3m[RouterExplorer] [39m[32mMapped {/api/v1/services/:id/sub-services, GET} route[39m[38;5;3m +0ms[39m
[32m[Nest] 15644  - [39m13/06/2026, 11:43:40 am [32m    LOG[39m [38;5;3m[RoutesResolver] [39m[32mPackagesController {/api/v1/packages}:[39m[38;5;3m +1ms[39m
[32m[Nest] 15644  - [39m13/06/2026, 11:43:40 am [32m    LOG[39m [38;5;3m[RouterExplorer] [39m[32mMapped {/api/v1/packages, POST} route[39m[38;5;3m +1ms[39m
[32m[Nest] 15644  - [39m13/06/2026, 11:43:40 am [32m    LOG[39m [38;5;3m[RouterExplorer] [39m[32mMapped {/api/v1/packages, GET} route[39m[38;5;3m +2ms[39m
[32m[Nest] 15644  - [39m13/06/2026, 11:43:40 am [32m    LOG[39m [38;5;3m[RouterExplorer] [39m[32mMapped {/api/v1/packages/:id, PUT} route[39m[38;5;3m +1ms[39m
[32m[Nest] 15644  - [39m13/06/2026, 11:43:40 am [32m    LOG[39m [38;5;3m[RouterExplorer] [39m[32mMapped {/api/v1/packages/:id, PATCH} route[39m[38;5;3m +0ms[39m
[32m[Nest] 15644  - [39m13/06/2026, 11:43:40 am [32m    LOG[39m [38;5;3m[RouterExplorer] [39m[32mMapped {/api/v1/packages/:id, DELETE} route[39m[38;5;3m +1ms[39m
[32m[Nest] 15644  - [39m13/06/2026, 11:43:40 am [32m    LOG[39m [38;5;3m[RoutesResolver] [39m[32mAvailabilityController {/api/v1/availability}:[39m[38;5;3m +1ms[39m
[32m[Nest] 15644  - [39m13/06/2026, 11:43:40 am [32m    LOG[39m [38;5;3m[RouterExplorer] [39m[32mMapped {/api/v1/availability, PUT} route[39m[38;5;3m +0ms[39m
[32m[Nest] 15644  - [39m13/06/2026, 11:43:40 am [32m    LOG[39m [38;5;3m[RouterExplorer] [39m[32mMapped {/api/v1/availability/vendors/:vendorId, GET} route[39m[38;5;3m +1ms[39m
[32m[Nest] 15644  - [39m13/06/2026, 11:43:40 am [32m    LOG[39m [38;5;3m[RoutesResolver] [39m[32mCartController {/api/v1/cart}:[39m[38;5;3m +1ms[39m
[32m[Nest] 15644  - [39m13/06/2026, 11:43:40 am [32m    LOG[39m [38;5;3m[RouterExplorer] [39m[32mMapped {/api/v1/cart/items, POST} route[39m[38;5;3m +0ms[39m
[32m[Nest] 15644  - [39m13/06/2026, 11:43:40 am [32m    LOG[39m [38;5;3m[RouterExplorer] [39m[32mMapped {/api/v1/cart/:customerId, GET} route[39m[38;5;3m +2ms[39m
[32m[Nest] 15644  - [39m13/06/2026, 11:43:40 am [32m    LOG[39m [38;5;3m[RouterExplorer] [39m[32mMapped {/api/v1/cart/:customerId, DELETE} route[39m[38;5;3m +1ms[39m
[32m[Nest] 15644  - [39m13/06/2026, 11:43:40 am [32m    LOG[39m [38;5;3m[RoutesResolver] [39m[32mBookingsController {/api/v1/bookings}:[39m[38;5;3m +1ms[39m
[32m[Nest] 15644  - [39m13/06/2026, 11:43:40 am [32m    LOG[39m [38;5;3m[RouterExplorer] [39m[32mMapped {/api/v1/bookings/checkout, POST} route[39m[38;5;3m +1ms[39m
[32m[Nest] 15644  - [39m13/06/2026, 11:43:40 am [32m    LOG[39m [38;5;3m[RouterExplorer] [39m[32mMapped {/api/v1/bookings, GET} route[39m[38;5;3m +1ms[39m
[32m[Nest] 15644  - [39m13/06/2026, 11:43:40 am [32m    LOG[39m [38;5;3m[RouterExplorer] [39m[32mMapped {/api/v1/bookings/:id, GET} route[39m[38;5;3m +1ms[39m
[32m[Nest] 15644  - [39m13/06/2026, 11:43:40 am [32m    LOG[39m [38;5;3m[RouterExplorer] [39m[32mMapped {/api/v1/bookings/:id/refund-estimate, GET} route[39m[38;5;3m +1ms[39m
[32m[Nest] 15644  - [39m13/06/2026, 11:43:40 am [32m    LOG[39m [38;5;3m[RouterExplorer] [39m[32mMapped {/api/v1/bookings/:id/vendor-accept, PATCH} route[39m[38;5;3m +0ms[39m
[32m[Nest] 15644  - [39m13/06/2026, 11:43:40 am [32m    LOG[39m [38;5;3m[RouterExplorer] [39m[32mMapped {/api/v1/bookings/:id/vendor-reject, PATCH} route[39m[38;5;3m +1ms[39m
[32m[Nest] 15644  - [39m13/06/2026, 11:43:40 am [32m    LOG[39m [38;5;3m[RouterExplorer] [39m[32mMapped {/api/v1/bookings/:id/customer-confirm, PATCH} route[39m[38;5;3m +1ms[39m
[32m[Nest] 15644  - [39m13/06/2026, 11:43:40 am [32m    LOG[39m [38;5;3m[RouterExplorer] [39m[32mMapped {/api/v1/bookings/:id/complete, PATCH} route[39m[38;5;3m +1ms[39m
[32m[Nest] 15644  - [39m13/06/2026, 11:43:40 am [32m    LOG[39m [38;5;3m[RouterExplorer] [39m[32mMapped {/api/v1/bookings/:id/cancel, PATCH} route[39m[38;5;3m +0ms[39m
[32m[Nest] 15644  - [39m13/06/2026, 11:43:40 am [32m    LOG[39m [38;5;3m[RoutesResolver] [39m[32mPaymentsController {/api/v1/payments}:[39m[38;5;3m +1ms[39m
[32m[Nest] 15644  - [39m13/06/2026, 11:43:40 am [32m    LOG[39m [38;5;3m[RouterExplorer] [39m[32mMapped {/api/v1/payments/intent, POST} route[39m[38;5;3m +1ms[39m
[32m[Nest] 15644  - [39m13/06/2026, 11:43:40 am [32m    LOG[39m [38;5;3m[RouterExplorer] [39m[32mMapped {/api/v1/payments/:paymentId/succeed, PATCH} route[39m[38;5;3m +1ms[39m
[32m[Nest] 15644  - [39m13/06/2026, 11:43:40 am [32m    LOG[39m [38;5;3m[RouterExplorer] [39m[32mMapped {/api/v1/payments, GET} route[39m[38;5;3m +0ms[39m
[32m[Nest] 15644  - [39m13/06/2026, 11:43:40 am [32m    LOG[39m [38;5;3m[RoutesResolver] [39m[32mCouponsController {/api/v1/coupons}:[39m[38;5;3m +1ms[39m
[32m[Nest] 15644  - [39m13/06/2026, 11:43:40 am [32m    LOG[39m [38;5;3m[RouterExplorer] [39m[32mMapped {/api/v1/coupons, POST} route[39m[38;5;3m +1ms[39m
[32m[Nest] 15644  - [39m13/06/2026, 11:43:40 am [32m    LOG[39m [38;5;3m[RouterExplorer] [39m[32mMapped {/api/v1/coupons, GET} route[39m[38;5;3m +0ms[39m
[32m[Nest] 15644  - [39m13/06/2026, 11:43:40 am [32m    LOG[39m [38;5;3m[RouterExplorer] [39m[32mMapped {/api/v1/coupons/:code/validate, GET} route[39m[38;5;3m +2ms[39m
[32m[Nest] 15644  - [39m13/06/2026, 11:43:40 am [32m    LOG[39m [38;5;3m[RouterExplorer] [39m[32mMapped {/api/v1/coupons/:id, PUT} route[39m[38;5;3m +1ms[39m
[32m[Nest] 15644  - [39m13/06/2026, 11:43:40 am [32m    LOG[39m [38;5;3m[RouterExplorer] [39m[32mMapped {/api/v1/coupons/:id, PATCH} route[39m[38;5;3m +1ms[39m
[32m[Nest] 15644  - [39m13/06/2026, 11:43:40 am [32m    LOG[39m [38;5;3m[RouterExplorer] [39m[32mMapped {/api/v1/coupons/:id, DELETE} route[39m[38;5;3m +2ms[39m
[32m[Nest] 15644  - [39m13/06/2026, 11:43:40 am [32m    LOG[39m [38;5;3m[RoutesResolver] [39m[32mReviewsController {/api/v1/reviews}:[39m[38;5;3m +0ms[39m
[32m[Nest] 15644  - [39m13/06/2026, 11:43:40 am [32m    LOG[39m [38;5;3m[RouterExplorer] [39m[32mMapped {/api/v1/reviews, POST} route[39m[38;5;3m +1ms[39m
[32m[Nest] 15644  - [39m13/06/2026, 11:43:40 am [32m    LOG[39m [38;5;3m[RouterExplorer] [39m[32mMapped {/api/v1/reviews, GET} route[39m[38;5;3m +1ms[39m
[32m[Nest] 15644  - [39m13/06/2026, 11:43:40 am [32m    LOG[39m [38;5;3m[RouterExplorer] [39m[32mMapped {/api/v1/reviews/:id/approve, PATCH} route[39m[38;5;3m +1ms[39m
[32m[Nest] 15644  - [39m13/06/2026, 11:43:40 am [32m    LOG[39m [38;5;3m[RoutesResolver] [39m[32mSettlementsController {/api/v1/settlements}:[39m[38;5;3m +1ms[39m
[32m[Nest] 15644  - [39m13/06/2026, 11:43:40 am [32m    LOG[39m [38;5;3m[RouterExplorer] [39m[32mMapped {/api/v1/settlements, POST} route[39m[38;5;3m +0ms[39m
[32m[Nest] 15644  - [39m13/06/2026, 11:43:40 am [32m    LOG[39m [38;5;3m[RouterExplorer] [39m[32mMapped {/api/v1/settlements, GET} route[39m[38;5;3m +1ms[39m
[32m[Nest] 15644  - [39m13/06/2026, 11:43:40 am [32m    LOG[39m [38;5;3m[RouterExplorer] [39m[32mMapped {/api/v1/settlements/:id/mark-paid, PATCH} route[39m[38;5;3m +1ms[39m
[32m[Nest] 15644  - [39m13/06/2026, 11:43:40 am [32m    LOG[39m [38;5;3m[RoutesResolver] [39m[32mUploadsController {/api/v1/uploads}:[39m[38;5;3m +1ms[39m
[32m[Nest] 15644  - [39m13/06/2026, 11:43:40 am [32m    LOG[39m [38;5;3m[RouterExplorer] [39m[32mMapped {/api/v1/uploads/images, POST} route[39m[38;5;3m +1ms[39m
[32m[Nest] 15644  - [39m13/06/2026, 11:43:40 am [32m    LOG[39m [38;5;3m[RouterExplorer] [39m[32mMapped {/api/v1/uploads/files, POST} route[39m[38;5;3m +1ms[39m
[32m[Nest] 15644  - [39m13/06/2026, 11:43:40 am [32m    LOG[39m [38;5;3m[RouterExplorer] [39m[32mMapped {/api/v1/uploads/images/:folder/:date/:file, GET} route[39m[38;5;3m +0ms[39m
[32m[Nest] 15644  - [39m13/06/2026, 11:43:40 am [32m    LOG[39m [38;5;3m[RouterExplorer] [39m[32mMapped {/api/v1/uploads/images/*, GET} route[39m[38;5;3m +1ms[39m
